<?xml version="1.0" encoding="UTF-8"?>
<!-- Generated by org.testng.reporters.JUnitReportReporter -->
<testsuite skipped="0" hostname="U6017127-TPD-A" name="EndToEndWebTesting.AutomationWebTests.WebTests" tests="2" failures="0" timestamp="17 Oct 2018 15:37:56 GMT" time="4.070" errors="0">
  <testcase name="Login" time="2.373" classname="EndToEndWebTesting.AutomationWebTests.WebTests"/>
  <testcase name="Login" time="1.697" classname="EndToEndWebTesting.AutomationWebTests.WebTests"/>
</testsuite> <!-- EndToEndWebTesting.AutomationWebTests.WebTests -->
