<?xml version="1.0" encoding="UTF-8"?>
<!-- Generated by org.testng.reporters.JUnitReportReporter -->
<testsuite skipped="0" hostname="U6017127-TPD-A" name="EndToEndWebTesting.AutomationWebTests.WebTests" tests="2" failures="0" timestamp="18 Oct 2018 16:08:52 GMT" time="4.756" errors="0">
  <testcase name="Login" time="2.094" classname="EndToEndWebTesting.AutomationWebTests.WebTests"/>
  <testcase name="Login" time="2.662" classname="EndToEndWebTesting.AutomationWebTests.WebTests"/>
</testsuite> <!-- EndToEndWebTesting.AutomationWebTests.WebTests -->
