<?xml version="1.0" encoding="UTF-8"?>
<!-- Generated by org.testng.reporters.JUnitReportReporter -->
<testsuite skipped="0" hostname="U6017127-TPD-A" name="EndToEndWebTesting.AutomationWebTests.WebTests" tests="2" failures="0" timestamp="17 Oct 2018 10:42:22 GMT" time="2.954" errors="0">
  <testcase name="Login" time="2.042" classname="EndToEndWebTesting.AutomationWebTests.WebTests"/>
  <testcase name="Login" time="0.912" classname="EndToEndWebTesting.AutomationWebTests.WebTests"/>
</testsuite> <!-- EndToEndWebTesting.AutomationWebTests.WebTests -->
